[08/19/2022 05:28:02] [INFO] rpf2fivem

[08/19/2022 05:28:02] [INFO] GTA5-Mods links must look like this: 

[08/19/2022 05:28:02] [INFO] https://files.gta5-mods.com/uploads/XXXCARNAMEXXXX/XXXCARNAMEXXXX.zip

[08/19/2022 05:28:02] [INFO] Links must be DIRECT link else they won't download!

[08/19/2022 05:28:08] [INFO] [InputHandler] Disabled texture compression/downsizing.

[08/19/2022 05:28:09] [INFO] Job added!

[08/19/2022 05:28:10] [INFO] [Worker] Started resConvert async task...

[08/19/2022 05:28:10] [INFO] [Worker] Cleaning cache...

[08/19/2022 05:28:10] [INFO] [Worker] Setting up environment...

[08/19/2022 05:28:10] [INFO] [Worker] Writing config helpers...

[08/19/2022 05:28:10] [INFO] [Worker] Created 362765098 FiveM resource directory...

[08/19/2022 05:28:11] [INFO] [Worker] Writing resouce manifest...

[08/19/2022 05:28:11] [INFO] [Worker] Checking link...OK

[08/19/2022 05:28:11] [INFO] [AsyncDownload] Downloading archive...

[08/19/2022 05:28:12] [INFO] [AsyncDownload] Successfully fetched archive!

[08/19/2022 05:28:12] [INFO] [SharpCompress] Decompressing...

[08/19/2022 05:28:15] [INFO] [SharpCompress] Unpack finished!

[08/19/2022 05:28:15] [INFO] [Worker] Searching for dlc.rpf...

[08/19/2022 05:28:15] [ERROR] System.ArgumentException: File does not exist: D:\Development\C#\rpf2fivem-repository\bin\Release\cache\KTM 1290 Super Duke R Engine Sound.zip
   bei SharpCompress.Archives.AbstractArchive`2..ctor(ArchiveType type, FileInfo fileInfo, ReaderOptions readerOptions)
   bei SharpCompress.Archives.Zip.ZipArchive..ctor(FileInfo fileInfo, ReaderOptions readerOptions)
   bei SharpCompress.Archives.Zip.ZipArchive.Open(FileInfo fileInfo, ReaderOptions readerOptions)
   bei rpf2fivem.Main.unZip(String target) in D:\Development\C#\rpf2fivem-repository\Main.cs:Zeile 187.
   bei rpf2fivem.Main.universalCacheUnpack() in D:\Development\C#\rpf2fivem-repository\Main.cs:Zeile 235.
   bei rpf2fivem.Main.RpfUnpack(String resname) in D:\Development\C#\rpf2fivem-repository\Main.cs:Zeile 253.
   bei rpf2fivem.Main.<startConvertFromLink>d__35.MoveNext() in D:\Development\C#\rpf2fivem-repository\Main.cs:Zeile 578.

[08/19/2022 05:35:02] [INFO] rpf2fivem

[08/19/2022 05:35:02] [INFO] GTA5-Mods links must look like this: 

[08/19/2022 05:35:02] [INFO] https://files.gta5-mods.com/uploads/XXXCARNAMEXXXX/XXXCARNAMEXXXX.zip

[08/19/2022 05:35:02] [INFO] Links must be DIRECT link else they won't download!

[08/19/2022 05:40:30] [INFO] rpf2fivem

[08/19/2022 05:40:30] [INFO] GTA5-Mods links must look like this: 

[08/19/2022 05:40:30] [INFO] https://files.gta5-mods.com/uploads/XXXCARNAMEXXXX/XXXCARNAMEXXXX.zip

[08/19/2022 05:40:30] [INFO] Links must be DIRECT link else they won't download!

[08/19/2022 05:40:42] [INFO] Job added!

[08/19/2022 05:40:44] [INFO] [Worker] Started resConvert async task...

[08/19/2022 05:40:44] [INFO] [Worker] Cleaning cache...

[08/19/2022 05:40:44] [INFO] [Worker] Setting up environment...

[08/19/2022 05:40:44] [INFO] [Worker] Writing config helpers...

[08/19/2022 05:40:44] [INFO] [Worker] Created 891511423 FiveM resource directory...

[08/19/2022 05:40:45] [INFO] [Worker] Writing resouce manifest...

[08/19/2022 05:40:45] [INFO] [Worker] Checking link...OK

[08/19/2022 05:40:45] [INFO] [AsyncDownload] Downloading archive...

[08/19/2022 05:40:45] [INFO] [AsyncDownload] Successfully fetched archive!

[08/19/2022 05:40:45] [INFO] [SharpCompress] Decompressing...

[08/19/2022 05:40:49] [INFO] [SharpCompress] Unpack finished!

[08/19/2022 05:40:49] [INFO] [Worker] Searching for dlc.rpf...

[08/19/2022 05:40:49] [WARNING] [CodeWalker] Vehicle (891511423) is incompatible, no .rpf file was found.

[08/19/2022 05:40:49] [INFO] [Worker] Removing unnessecary items from cache...

[08/19/2022 05:40:54] [INFO] [Worker] Moving resource into resources folder...

[08/19/2022 05:40:54] [INFO] [Worker] Cleaning up...

[08/19/2022 05:40:54] [INFO] [Worker] Finished converting vehicle 891511423

[08/19/2022 05:41:28] [INFO] [Worker] Started resConvert async task...

[08/19/2022 05:41:28] [INFO] [Worker] Cleaning cache...

[08/19/2022 05:41:28] [INFO] [Worker] Setting up environment...

[08/19/2022 05:41:28] [INFO] [Worker] Writing config helpers...

[08/19/2022 05:41:28] [INFO] [Worker] Created 891511423 FiveM resource directory...

[08/19/2022 05:41:28] [INFO] [Worker] Writing resouce manifest...

[08/19/2022 05:41:28] [INFO] [Worker] Checking link...OK

[08/19/2022 05:41:28] [INFO] [AsyncDownload] Downloading archive...

[08/19/2022 05:41:29] [INFO] [AsyncDownload] Successfully fetched archive!

[08/19/2022 05:41:29] [INFO] [SharpCompress] Decompressing...

[08/19/2022 05:41:32] [INFO] [SharpCompress] Unpack finished!

[08/19/2022 05:41:32] [INFO] [Worker] Searching for dlc.rpf...

[08/19/2022 05:41:32] [WARNING] [CodeWalker] Vehicle (891511423) is incompatible, no .rpf file was found.

[08/19/2022 05:41:32] [INFO] [Worker] Removing unnessecary items from cache...

[08/19/2022 05:41:37] [INFO] [Worker] Moving resource into resources folder...

[08/19/2022 05:41:37] [INFO] [Worker] Cleaning up...

[08/19/2022 05:41:37] [INFO] [Worker] Finished converting vehicle 891511423

[08/19/2022 05:42:24] [INFO] rpf2fivem

[08/19/2022 05:42:24] [INFO] GTA5-Mods links must look like this: 

[08/19/2022 05:42:24] [INFO] https://files.gta5-mods.com/uploads/XXXCARNAMEXXXX/XXXCARNAMEXXXX.zip

[08/19/2022 05:42:24] [INFO] Links must be DIRECT link else they won't download!

[08/19/2022 05:42:40] [INFO] [InputHandler] Disabled texture compression/downsizing.

[08/19/2022 05:42:41] [INFO] Job added!

[08/19/2022 05:42:43] [INFO] [Worker] Started resConvert async task...

[08/19/2022 05:42:43] [INFO] [Worker] Cleaning cache...

[08/19/2022 05:42:43] [INFO] [Worker] Setting up environment...

[08/19/2022 05:42:43] [INFO] [Worker] Writing config helpers...

[08/19/2022 05:42:43] [INFO] [Worker] Created test FiveM resource directory...

[08/19/2022 05:42:44] [INFO] [Worker] Writing resouce manifest...

[08/19/2022 05:42:44] [INFO] [Worker] Checking link...OK

[08/19/2022 05:42:44] [INFO] [AsyncDownload] Downloading archive...

[08/19/2022 05:42:45] [INFO] [AsyncDownload] Successfully fetched archive!

[08/19/2022 05:42:45] [INFO] [SharpCompress] Decompressing...

[08/19/2022 05:42:48] [INFO] [SharpCompress] Unpack finished!

[08/19/2022 05:42:48] [INFO] [Worker] Searching for dlc.rpf...

[08/19/2022 05:42:48] [WARNING] [CodeWalker] Vehicle (test) is incompatible, no .rpf file was found.

[08/19/2022 05:42:48] [INFO] [Worker] Removing unnessecary items from cache...

[08/19/2022 05:42:53] [INFO] [Worker] Moving resource into resources folder...

[08/19/2022 05:42:53] [INFO] [Worker] Cleaning up...

[08/19/2022 05:42:53] [INFO] [Worker] Finished converting vehicle test

[08/19/2022 05:44:20] [INFO] rpf2fivem

[08/19/2022 05:44:20] [INFO] GTA5-Mods links must look like this: 

[08/19/2022 05:44:20] [INFO] https://files.gta5-mods.com/uploads/XXXCARNAMEXXXX/XXXCARNAMEXXXX.zip

[08/19/2022 05:44:20] [INFO] Links must be DIRECT link else they won't download!

[08/19/2022 05:45:14] [INFO] [InputHandler] Disabled texture compression/downsizing.

[08/19/2022 05:45:15] [INFO] Job added!

[08/19/2022 05:45:18] [INFO] [Worker] Started resConvert async task...

[08/19/2022 05:45:18] [INFO] [Worker] Cleaning cache...

[08/19/2022 05:45:18] [INFO] [Worker] Setting up environment...

[08/19/2022 05:45:18] [INFO] [Worker] Writing config helpers...

[08/19/2022 05:45:18] [INFO] [Worker] Created 950085920 FiveM resource directory...

[08/19/2022 05:45:19] [INFO] [Worker] Writing resouce manifest...

[08/19/2022 05:45:19] [INFO] [Worker] Checking link...OK

[08/19/2022 05:45:19] [INFO] [AsyncDownload] Downloading archive...

[08/19/2022 05:45:20] [INFO] [AsyncDownload] Successfully fetched archive!

[08/19/2022 05:45:20] [INFO] [SharpCompress] Decompressing...

[08/19/2022 05:45:23] [INFO] [SharpCompress] Unpack finished!

[08/19/2022 05:45:23] [INFO] [Worker] Searching for dlc.rpf...

[08/19/2022 05:45:23] [WARNING] [CodeWalker] Vehicle (950085920) is incompatible, no .rpf file was found.

[08/19/2022 05:45:23] [INFO] [Worker] Removing unnessecary items from cache...

[08/19/2022 05:45:28] [INFO] [Worker] Moving resource into resources folder...

[08/19/2022 05:45:28] [INFO] [Worker] Cleaning up...

[08/19/2022 05:45:28] [INFO] [Worker] Finished converting vehicle 950085920

[08/19/2022 05:46:16] [INFO] rpf2fivem

[08/19/2022 05:46:16] [INFO] GTA5-Mods links must look like this: 

[08/19/2022 05:46:16] [INFO] https://files.gta5-mods.com/uploads/XXXCARNAMEXXXX/XXXCARNAMEXXXX.zip

[08/19/2022 05:46:16] [INFO] Links must be DIRECT link else they won't download!

[08/19/2022 05:46:34] [INFO] [InputHandler] Disabled texture compression/downsizing.

[08/19/2022 05:46:36] [INFO] Job added!

[08/19/2022 05:46:50] [INFO] [Worker] Started resConvert async task...

[08/19/2022 05:46:50] [INFO] [Worker] Cleaning cache...

[08/19/2022 05:46:50] [INFO] [Worker] Setting up environment...

[08/19/2022 05:46:50] [INFO] [Worker] Writing config helpers...

[08/19/2022 05:46:50] [INFO] [Worker] Created 1515588869 FiveM resource directory...

[08/19/2022 05:46:51] [INFO] [Worker] Writing resouce manifest...

[08/19/2022 05:46:51] [INFO] [Worker] Checking link...OK

[08/19/2022 05:46:51] [INFO] [AsyncDownload] Downloading archive...

[08/19/2022 05:46:52] [INFO] [AsyncDownload] Successfully fetched archive!

[08/19/2022 05:46:52] [INFO] [SharpCompress] Decompressing...

[08/19/2022 05:46:53] [INFO] cache\unpack\Single Player (OpenIV Addon)\KTM 1290 Super Duke R Engine Sound.oiv

[08/19/2022 05:46:53] [ERROR] System.ArgumentException: File does not exist: D:\Development\C#\rpf2fivem-repository\bin\Release\cache\KTM 1290 Super Duke R Engine Sound.oiv
   bei SharpCompress.Archives.AbstractArchive`2..ctor(ArchiveType type, FileInfo fileInfo, ReaderOptions readerOptions)
   bei SharpCompress.Archives.Zip.ZipArchive..ctor(FileInfo fileInfo, ReaderOptions readerOptions)
   bei SharpCompress.Archives.Zip.ZipArchive.Open(FileInfo fileInfo, ReaderOptions readerOptions)
   bei rpf2fivem.Main.unZip(String target) in D:\Development\C#\rpf2fivem-repository\Main.cs:Zeile 187.
   bei rpf2fivem.Main.universalCacheUnpack() in D:\Development\C#\rpf2fivem-repository\Main.cs:Zeile 246.
   bei rpf2fivem.Main.<startConvertFromLink>d__35.MoveNext() in D:\Development\C#\rpf2fivem-repository\Main.cs:Zeile 573.

[08/19/2022 05:50:26] [INFO] rpf2fivem

[08/19/2022 05:50:26] [INFO] GTA5-Mods links must look like this: 

[08/19/2022 05:50:26] [INFO] https://files.gta5-mods.com/uploads/XXXCARNAMEXXXX/XXXCARNAMEXXXX.zip

[08/19/2022 05:50:26] [INFO] Links must be DIRECT link else they won't download!

[08/19/2022 05:50:38] [INFO] [InputHandler] Disabled texture compression/downsizing.

[08/19/2022 05:50:38] [INFO] Job added!

[08/19/2022 05:50:40] [INFO] [Worker] Started resConvert async task...

[08/19/2022 05:50:40] [INFO] [Worker] Cleaning cache...

[08/19/2022 05:50:40] [INFO] [Worker] Setting up environment...

[08/19/2022 05:50:40] [INFO] [Worker] Writing config helpers...

[08/19/2022 05:50:40] [INFO] [Worker] Created 823246495 FiveM resource directory...

[08/19/2022 05:50:40] [INFO] [Worker] Writing resouce manifest...

[08/19/2022 05:50:40] [INFO] [Worker] Checking link...OK

[08/19/2022 05:50:40] [INFO] [AsyncDownload] Downloading archive...

[08/19/2022 05:50:41] [INFO] [AsyncDownload] Successfully fetched archive!

[08/19/2022 05:50:41] [INFO] [SharpCompress] Decompressing...

[08/19/2022 05:50:42] [INFO] cache\unpack\Single Player (OpenIV Addon)\KTM 1290 Super Duke R Engine Sound.oiv

[08/19/2022 05:50:42] [ERROR] System.IO.FileNotFoundException: Die Datei "D:\Development\C#\rpf2fivem-repository\bin\Release\cache\KTM 1290 Super Duke R Engine Sound.oiv" konnte nicht gefunden werden.
Dateiname: "D:\Development\C#\rpf2fivem-repository\bin\Release\cache\KTM 1290 Super Duke R Engine Sound.oiv"
   bei System.IO.__Error.WinIOError(Int32 errorCode, String maybeFullPath)
   bei System.IO.File.InternalMove(String sourceFileName, String destFileName, Boolean checkHost)
   bei rpf2fivem.Main.universalCacheUnpack() in D:\Development\C#\rpf2fivem-repository\Main.cs:Zeile 246.
   bei rpf2fivem.Main.<startConvertFromLink>d__35.MoveNext() in D:\Development\C#\rpf2fivem-repository\Main.cs:Zeile 573.

[08/19/2022 05:50:57] [INFO] [Worker] Started resConvert async task...

[08/19/2022 05:50:57] [INFO] [Worker] Cleaning cache...

[08/19/2022 05:50:57] [INFO] [Worker] Setting up environment...

[08/19/2022 05:50:57] [INFO] [Worker] Writing config helpers...

[08/19/2022 05:50:57] [INFO] [Worker] Created 823246495 FiveM resource directory...

[08/19/2022 05:50:57] [INFO] [Worker] Writing resouce manifest...

[08/19/2022 05:50:57] [INFO] [Worker] Checking link...OK

[08/19/2022 05:50:57] [INFO] [AsyncDownload] Downloading archive...

[08/19/2022 05:50:57] [INFO] [AsyncDownload] Successfully fetched archive!

[08/19/2022 05:50:57] [INFO] [SharpCompress] Decompressing...

[08/19/2022 05:50:58] [INFO] cache\unpack\Single Player (OpenIV Addon)\KTM 1290 Super Duke R Engine Sound.oiv

[08/19/2022 05:50:58] [ERROR] System.IO.FileNotFoundException: Die Datei "D:\Development\C#\rpf2fivem-repository\bin\Release\cache\KTM 1290 Super Duke R Engine Sound.oiv" konnte nicht gefunden werden.
Dateiname: "D:\Development\C#\rpf2fivem-repository\bin\Release\cache\KTM 1290 Super Duke R Engine Sound.oiv"
   bei System.IO.__Error.WinIOError(Int32 errorCode, String maybeFullPath)
   bei System.IO.File.InternalMove(String sourceFileName, String destFileName, Boolean checkHost)
   bei rpf2fivem.Main.universalCacheUnpack() in D:\Development\C#\rpf2fivem-repository\Main.cs:Zeile 246.
   bei rpf2fivem.Main.<startConvertFromLink>d__35.MoveNext() in D:\Development\C#\rpf2fivem-repository\Main.cs:Zeile 573.

[08/19/2022 05:52:10] [INFO] rpf2fivem

[08/19/2022 05:52:10] [INFO] GTA5-Mods links must look like this: 

[08/19/2022 05:52:10] [INFO] https://files.gta5-mods.com/uploads/XXXCARNAMEXXXX/XXXCARNAMEXXXX.zip

[08/19/2022 05:52:10] [INFO] Links must be DIRECT link else they won't download!

[08/19/2022 05:54:29] [INFO] Job added!

[08/19/2022 05:54:31] [INFO] [Worker] Started resConvert async task...

[08/19/2022 05:54:31] [INFO] [Worker] Cleaning cache...

[08/19/2022 05:54:31] [INFO] [Worker] Setting up environment...

[08/19/2022 05:54:31] [INFO] [Worker] Writing config helpers...

[08/19/2022 05:54:31] [INFO] [Worker] Created 297161750 FiveM resource directory...

[08/19/2022 05:54:31] [INFO] [Worker] Writing resouce manifest...

[08/19/2022 05:54:31] [INFO] [Worker] Checking link...OK

[08/19/2022 05:54:31] [INFO] [AsyncDownload] Downloading archive...

[08/19/2022 05:54:32] [INFO] [AsyncDownload] Successfully fetched archive!

[08/19/2022 05:54:32] [INFO] [SharpCompress] Decompressing...

[08/19/2022 05:54:33] [INFO] cache\unpack\Single Player (OpenIV Addon)\KTM 1290 Super Duke R Engine Sound.oiv

[08/19/2022 05:54:33] [ERROR] System.ArgumentException: File does not exist: D:\Development\C#\rpf2fivem-repository\bin\Release\cache\KTM 1290 Super Duke R Engine Sound.oiv
   bei SharpCompress.Archives.AbstractArchive`2..ctor(ArchiveType type, FileInfo fileInfo, ReaderOptions readerOptions)
   bei SharpCompress.Archives.Zip.ZipArchive..ctor(FileInfo fileInfo, ReaderOptions readerOptions)
   bei SharpCompress.Archives.Zip.ZipArchive.Open(FileInfo fileInfo, ReaderOptions readerOptions)
   bei rpf2fivem.Main.unZip(String target) in D:\Development\C#\rpf2fivem-repository\Main.cs:Zeile 187.
   bei rpf2fivem.Main.universalCacheUnpack() in D:\Development\C#\rpf2fivem-repository\Main.cs:Zeile 246.
   bei rpf2fivem.Main.<startConvertFromLink>d__35.MoveNext() in D:\Development\C#\rpf2fivem-repository\Main.cs:Zeile 573.

[08/19/2022 05:55:16] [INFO] [Worker] Started resConvert async task...

[08/19/2022 05:55:16] [INFO] [Worker] Cleaning cache...

[08/19/2022 05:55:16] [INFO] [Worker] Setting up environment...

[08/19/2022 05:55:16] [INFO] [Worker] Writing config helpers...

[08/19/2022 05:55:16] [INFO] [Worker] Created 297161750 FiveM resource directory...

[08/19/2022 05:55:16] [INFO] [Worker] Writing resouce manifest...

[08/19/2022 05:55:16] [INFO] [Worker] Checking link...OK

[08/19/2022 05:55:16] [INFO] [AsyncDownload] Downloading archive...

[08/19/2022 05:55:17] [INFO] [AsyncDownload] Successfully fetched archive!

[08/19/2022 05:55:17] [INFO] [SharpCompress] Decompressing...

[08/19/2022 05:55:17] [INFO] cache\unpack\Single Player (OpenIV Addon)\KTM 1290 Super Duke R Engine Sound.oiv

[08/19/2022 05:55:17] [ERROR] System.ArgumentException: File does not exist: D:\Development\C#\rpf2fivem-repository\bin\Release\cache\KTM 1290 Super Duke R Engine Sound.oiv
   bei SharpCompress.Archives.AbstractArchive`2..ctor(ArchiveType type, FileInfo fileInfo, ReaderOptions readerOptions)
   bei SharpCompress.Archives.Zip.ZipArchive..ctor(FileInfo fileInfo, ReaderOptions readerOptions)
   bei SharpCompress.Archives.Zip.ZipArchive.Open(FileInfo fileInfo, ReaderOptions readerOptions)
   bei rpf2fivem.Main.unZip(String target) in D:\Development\C#\rpf2fivem-repository\Main.cs:Zeile 187.
   bei rpf2fivem.Main.universalCacheUnpack() in D:\Development\C#\rpf2fivem-repository\Main.cs:Zeile 246.
   bei rpf2fivem.Main.<startConvertFromLink>d__35.MoveNext() in D:\Development\C#\rpf2fivem-repository\Main.cs:Zeile 573.

[08/19/2022 05:56:49] [INFO] rpf2fivem

[08/19/2022 05:56:49] [INFO] GTA5-Mods links must look like this: 

[08/19/2022 05:56:49] [INFO] https://files.gta5-mods.com/uploads/XXXCARNAMEXXXX/XXXCARNAMEXXXX.zip

[08/19/2022 05:56:49] [INFO] Links must be DIRECT link else they won't download!

[08/19/2022 05:56:55] [INFO] Job added!

[08/19/2022 05:56:56] [INFO] [Worker] Started resConvert async task...

[08/19/2022 05:56:56] [INFO] [Worker] Cleaning cache...

[08/19/2022 05:56:56] [INFO] [Worker] Setting up environment...

[08/19/2022 05:56:56] [INFO] [Worker] Writing config helpers...

[08/19/2022 05:56:56] [INFO] [Worker] Created 1570292347 FiveM resource directory...

[08/19/2022 05:56:57] [INFO] [Worker] Writing resouce manifest...

[08/19/2022 05:56:57] [INFO] [Worker] Checking link...OK

[08/19/2022 05:56:57] [INFO] [AsyncDownload] Downloading archive...

[08/19/2022 05:56:57] [INFO] [AsyncDownload] Successfully fetched archive!

[08/19/2022 05:56:57] [INFO] [SharpCompress] Decompressing...

[08/19/2022 05:56:58] [INFO] cache\unpack\Single Player (OpenIV Addon)\KTM 1290 Super Duke R Engine Sound.oiv

[08/19/2022 05:56:58] [ERROR] System.ArgumentException: File does not exist: D:\Development\C#\rpf2fivem-repository\bin\Release\cache\KTM 1290 Super Duke R Engine Sound.zip
   bei SharpCompress.Archives.AbstractArchive`2..ctor(ArchiveType type, FileInfo fileInfo, ReaderOptions readerOptions)
   bei SharpCompress.Archives.Zip.ZipArchive..ctor(FileInfo fileInfo, ReaderOptions readerOptions)
   bei SharpCompress.Archives.Zip.ZipArchive.Open(FileInfo fileInfo, ReaderOptions readerOptions)
   bei rpf2fivem.Main.unZip(String target) in D:\Development\C#\rpf2fivem-repository\Main.cs:Zeile 187.
   bei rpf2fivem.Main.universalCacheUnpack() in D:\Development\C#\rpf2fivem-repository\Main.cs:Zeile 247.
   bei rpf2fivem.Main.<startConvertFromLink>d__35.MoveNext() in D:\Development\C#\rpf2fivem-repository\Main.cs:Zeile 574.

[08/19/2022 05:58:42] [INFO] rpf2fivem

[08/19/2022 05:58:42] [INFO] GTA5-Mods links must look like this: 

[08/19/2022 05:58:42] [INFO] https://files.gta5-mods.com/uploads/XXXCARNAMEXXXX/XXXCARNAMEXXXX.zip

[08/19/2022 05:58:42] [INFO] Links must be DIRECT link else they won't download!

[08/19/2022 05:58:47] [INFO] Job added!

[08/19/2022 05:58:48] [INFO] [Worker] Started resConvert async task...

[08/19/2022 05:58:48] [INFO] [Worker] Cleaning cache...

[08/19/2022 05:58:48] [INFO] [Worker] Setting up environment...

[08/19/2022 05:58:48] [INFO] [Worker] Writing config helpers...

[08/19/2022 05:58:48] [INFO] [Worker] Created 503615564 FiveM resource directory...

[08/19/2022 05:58:49] [INFO] [Worker] Writing resouce manifest...

[08/19/2022 05:58:49] [INFO] [Worker] Checking link...OK

[08/19/2022 05:58:49] [INFO] [AsyncDownload] Downloading archive...

[08/19/2022 05:58:50] [INFO] [AsyncDownload] Successfully fetched archive!

[08/19/2022 05:58:50] [INFO] [SharpCompress] Decompressing...

[08/19/2022 05:58:51] [INFO] cache\unpack\Single Player (OpenIV Addon)\KTM 1290 Super Duke R Engine Sound.oiv

[08/19/2022 05:58:51] [INFO] cache\unpack\Single Player (OpenIV Addon)\KTM 1290 Super Duke R Engine Sound.zip

[08/19/2022 05:58:51] [ERROR] System.ArgumentException: File does not exist: D:\Development\C#\rpf2fivem-repository\bin\Release\cache\KTM 1290 Super Duke R Engine Sound.zip
   bei SharpCompress.Archives.AbstractArchive`2..ctor(ArchiveType type, FileInfo fileInfo, ReaderOptions readerOptions)
   bei SharpCompress.Archives.Zip.ZipArchive..ctor(FileInfo fileInfo, ReaderOptions readerOptions)
   bei SharpCompress.Archives.Zip.ZipArchive.Open(FileInfo fileInfo, ReaderOptions readerOptions)
   bei rpf2fivem.Main.unZip(String target) in D:\Development\C#\rpf2fivem-repository\Main.cs:Zeile 187.
   bei rpf2fivem.Main.universalCacheUnpack() in D:\Development\C#\rpf2fivem-repository\Main.cs:Zeile 248.
   bei rpf2fivem.Main.<startConvertFromLink>d__35.MoveNext() in D:\Development\C#\rpf2fivem-repository\Main.cs:Zeile 575.

[08/19/2022 06:01:52] [INFO] rpf2fivem

[08/19/2022 06:01:52] [INFO] GTA5-Mods links must look like this: 

[08/19/2022 06:01:52] [INFO] https://files.gta5-mods.com/uploads/XXXCARNAMEXXXX/XXXCARNAMEXXXX.zip

[08/19/2022 06:01:52] [INFO] Links must be DIRECT link else they won't download!

[08/19/2022 06:01:56] [INFO] Job added!

[08/19/2022 06:01:56] [INFO] [Worker] Started resConvert async task...

[08/19/2022 06:01:56] [INFO] [Worker] Cleaning cache...

[08/19/2022 06:01:57] [INFO] [Worker] Setting up environment...

[08/19/2022 06:01:57] [INFO] [Worker] Writing config helpers...

[08/19/2022 06:01:57] [INFO] [Worker] Created 1441465753 FiveM resource directory...

[08/19/2022 06:01:57] [INFO] [Worker] Writing resouce manifest...

[08/19/2022 06:01:57] [INFO] [Worker] Checking link...OK

[08/19/2022 06:01:57] [INFO] [AsyncDownload] Downloading archive...

[08/19/2022 06:01:58] [INFO] [AsyncDownload] Successfully fetched archive!

[08/19/2022 06:01:58] [INFO] [SharpCompress] Decompressing...

[08/19/2022 06:01:59] [ERROR] System.ArgumentException: File does not exist: D:\Development\C#\rpf2fivem-repository\bin\Release\KTM 1290 Super Duke R Engine Sound.zip
   bei SharpCompress.Archives.AbstractArchive`2..ctor(ArchiveType type, FileInfo fileInfo, ReaderOptions readerOptions)
   bei SharpCompress.Archives.Zip.ZipArchive..ctor(FileInfo fileInfo, ReaderOptions readerOptions)
   bei SharpCompress.Archives.Zip.ZipArchive.Open(FileInfo fileInfo, ReaderOptions readerOptions)
   bei rpf2fivem.Main.unZip(String target) in D:\Development\C#\rpf2fivem-repository\Main.cs:Zeile 187.
   bei rpf2fivem.Main.universalCacheUnpack() in D:\Development\C#\rpf2fivem-repository\Main.cs:Zeile 246.
   bei rpf2fivem.Main.<startConvertFromLink>d__35.MoveNext() in D:\Development\C#\rpf2fivem-repository\Main.cs:Zeile 573.

[08/19/2022 06:03:06] [INFO] rpf2fivem

[08/19/2022 06:03:06] [INFO] GTA5-Mods links must look like this: 

[08/19/2022 06:03:06] [INFO] https://files.gta5-mods.com/uploads/XXXCARNAMEXXXX/XXXCARNAMEXXXX.zip

[08/19/2022 06:03:06] [INFO] Links must be DIRECT link else they won't download!

[08/19/2022 06:03:10] [INFO] Job added!

[08/19/2022 06:03:11] [INFO] [Worker] Started resConvert async task...

[08/19/2022 06:03:11] [INFO] [Worker] Cleaning cache...

[08/19/2022 06:03:11] [INFO] [Worker] Setting up environment...

[08/19/2022 06:03:11] [INFO] [Worker] Writing config helpers...

[08/19/2022 06:03:11] [INFO] [Worker] Created 1373384157 FiveM resource directory...

[08/19/2022 06:03:12] [INFO] [Worker] Writing resouce manifest...

[08/19/2022 06:03:12] [INFO] [Worker] Checking link...OK

[08/19/2022 06:03:12] [INFO] [AsyncDownload] Downloading archive...

[08/19/2022 06:03:12] [INFO] [AsyncDownload] Successfully fetched archive!

[08/19/2022 06:03:12] [INFO] [SharpCompress] Decompressing...

[08/19/2022 06:03:16] [INFO] [SharpCompress] Unpack finished!

[08/19/2022 06:03:16] [INFO] [Worker] Searching for dlc.rpf...

[08/19/2022 06:03:16] [INFO] [CodeWalker] Unpacking cache\unpack\content\mod\ktm1290r\dlc.rpf...

[08/19/2022 06:03:16] [INFO] [Worker] Removing unnessecary items from cache...

[08/19/2022 06:03:21] [INFO] [Worker] Moving resource into resources folder...

[08/19/2022 06:03:21] [INFO] [Worker] Cleaning up...

[08/19/2022 06:03:21] [INFO] [Worker] Finished converting vehicle 1373384157

[08/19/2022 06:25:25] [INFO] rpf2fivem

[08/19/2022 06:25:25] [INFO] GTA5-Mods links must look like this: 

[08/19/2022 06:25:25] [INFO] https://files.gta5-mods.com/uploads/XXXCARNAMEXXXX/XXXCARNAMEXXXX.zip

[08/19/2022 06:25:25] [INFO] Links must be DIRECT link else they won't download!

[08/19/2022 06:25:38] [INFO] Job added!

[08/19/2022 06:25:39] [INFO] [Worker] Started resConvert async task...

[08/19/2022 06:25:39] [INFO] [Worker] Cleaning cache...

[08/19/2022 06:25:39] [INFO] [Worker] Setting up environment...

[08/19/2022 06:25:39] [INFO] [Worker] Writing config helpers...

[08/19/2022 06:25:39] [INFO] [Worker] Created 1793940801 FiveM resource directory...

[08/19/2022 06:25:40] [INFO] [Worker] Writing resouce manifest...

[08/19/2022 06:25:40] [INFO] [Worker] Checking link...OK

[08/19/2022 06:25:40] [INFO] [AsyncDownload] Downloading archive...

[08/19/2022 06:25:41] [INFO] [AsyncDownload] Successfully fetched archive!

[08/19/2022 06:25:41] [INFO] [SharpCompress] Decompressing...

[08/19/2022 06:25:44] [INFO] [SharpCompress] Unpack finished!

[08/19/2022 06:25:44] [INFO] [Worker] Searching for dlc.rpf...

[08/19/2022 06:25:44] [INFO] [CodeWalker] Unpacking cache\unpack\content\mod\ktm1290r\dlc.rpf...

[08/19/2022 06:25:44] [INFO] [Worker] Removing unnessecary items from cache...

[08/19/2022 06:25:49] [INFO] [Worker] Moving resource into resources folder...

[08/19/2022 06:25:49] [INFO] [Worker] Cleaning up...

[08/19/2022 06:25:49] [INFO] [Worker] Finished converting vehicle 1793940801

[08/19/2022 06:26:47] [INFO] rpf2fivem

[08/19/2022 06:26:47] [INFO] GTA5-Mods links must look like this: 

[08/19/2022 06:26:47] [INFO] https://files.gta5-mods.com/uploads/XXXCARNAMEXXXX/XXXCARNAMEXXXX.zip

[08/19/2022 06:26:47] [INFO] Links must be DIRECT link else they won't download!

[08/19/2022 06:26:54] [INFO] Job added!

[08/19/2022 06:26:55] [INFO] [Worker] Started resConvert async task...

[08/19/2022 06:26:55] [INFO] [Worker] Cleaning cache...

[08/19/2022 06:26:55] [INFO] [Worker] Setting up environment...

[08/19/2022 06:26:55] [INFO] [Worker] Writing config helpers...

[08/19/2022 06:26:55] [INFO] [Worker] Created 143098316 FiveM resource directory...

[08/19/2022 06:26:56] [INFO] [Worker] Writing resouce manifest...

[08/19/2022 06:26:56] [INFO] [Worker] Checking link...OK

[08/19/2022 06:26:56] [INFO] [AsyncDownload] Downloading archive...

[08/19/2022 06:26:56] [INFO] [AsyncDownload] Successfully fetched archive!

[08/19/2022 06:26:56] [INFO] [SharpCompress] Decompressing...

[08/19/2022 06:26:57] [INFO] cache\1d2cb0-KTM%201290%20Super%20Duke%20R%20Engine%20Sound.zip

[08/19/2022 06:26:57] [INFO] cache\unpack\Single Player (OpenIV Addon)\KTM 1290 Super Duke R Engine Sound.zip

[08/19/2022 06:27:00] [INFO] [SharpCompress] Unpack finished!

[08/19/2022 06:27:00] [INFO] [Worker] Searching for dlc.rpf...

[08/19/2022 06:27:00] [INFO] [CodeWalker] Unpacking cache\unpack\content\mod\ktm1290r\dlc.rpf...

[08/19/2022 06:27:00] [INFO] [Worker] Removing unnessecary items from cache...

[08/19/2022 06:27:05] [INFO] [Worker] Moving resource into resources folder...

[08/19/2022 06:27:05] [INFO] [Worker] Cleaning up...

[08/19/2022 06:27:05] [INFO] [Worker] Finished converting vehicle 143098316

[08/19/2022 06:29:23] [INFO] rpf2fivem

[08/19/2022 06:29:23] [INFO] GTA5-Mods links must look like this: 

[08/19/2022 06:29:23] [INFO] https://files.gta5-mods.com/uploads/XXXCARNAMEXXXX/XXXCARNAMEXXXX.zip

[08/19/2022 06:29:23] [INFO] Links must be DIRECT link else they won't download!

[08/19/2022 06:29:28] [INFO] Job added!

[08/19/2022 06:29:29] [INFO] [Worker] Started resConvert async task...

[08/19/2022 06:29:29] [INFO] [Worker] Cleaning cache...

[08/19/2022 06:29:29] [INFO] [Worker] Setting up environment...

[08/19/2022 06:29:29] [INFO] [Worker] Writing config helpers...

[08/19/2022 06:29:29] [INFO] [Worker] Created 1962795467 FiveM resource directory...

[08/19/2022 06:29:30] [INFO] [Worker] Writing resouce manifest...

[08/19/2022 06:29:30] [INFO] [Worker] Checking link...OK

[08/19/2022 06:29:30] [INFO] [AsyncDownload] Downloading archive...

[08/19/2022 06:29:30] [INFO] [AsyncDownload] Successfully fetched archive!

[08/19/2022 06:29:30] [INFO] [SharpCompress] Decompressing...

[08/19/2022 06:29:31] [INFO] cache\1d2cb0-KTM%201290%20Super%20Duke%20R%20Engine%20Sound.zip

[08/19/2022 06:29:31] [INFO] cache\unpack\Single Player (OpenIV Addon)\KTM 1290 Super Duke R Engine Sound.zip

[08/19/2022 06:29:34] [INFO] [SharpCompress] Unpack finished!

[08/19/2022 06:29:34] [INFO] [Worker] Searching for dlc.rpf...

[08/19/2022 06:29:34] [INFO] [CodeWalker] Unpacking cache\unpack\content\mod\ktm1290r\dlc.rpf...

[08/19/2022 06:29:34] [INFO] [Worker] Removing unnessecary items from cache...

[08/19/2022 06:29:39] [INFO] [Worker] Moving resource into resources folder...

[08/19/2022 06:29:39] [INFO] [Worker] Cleaning up...

[08/19/2022 06:29:39] [INFO] [Worker] Finished converting vehicle 1962795467

[08/19/2022 06:31:55] [INFO] [Worker] Started resConvert async task...

[08/19/2022 06:31:55] [INFO] [Worker] Cleaning cache...

[08/19/2022 06:31:55] [INFO] [Worker] Setting up environment...

[08/19/2022 06:31:55] [INFO] [Worker] Writing config helpers...

[08/19/2022 06:31:55] [INFO] [Worker] Created 1962795467 FiveM resource directory...

[08/19/2022 06:31:56] [INFO] [Worker] Writing resouce manifest...

[08/19/2022 06:31:56] [INFO] [Worker] Checking link...OK

[08/19/2022 06:31:56] [INFO] [AsyncDownload] Downloading archive...

[08/19/2022 06:31:57] [INFO] [AsyncDownload] Successfully fetched archive!

[08/19/2022 06:31:57] [INFO] [SharpCompress] Decompressing...

[08/19/2022 06:31:57] [INFO] cache\1d2cb0-KTM%201290%20Super%20Duke%20R%20Engine%20Sound.zip

[08/19/2022 06:31:58] [INFO] cache\unpack\Single Player (OpenIV Addon)\KTM 1290 Super Duke R Engine Sound.zip

[08/19/2022 06:32:00] [INFO] [SharpCompress] Unpack finished!

[08/19/2022 06:32:00] [INFO] [Worker] Searching for dlc.rpf...

[08/19/2022 06:32:00] [INFO] [CodeWalker] Unpacking cache\unpack\content\mod\ktm1290r\dlc.rpf...

[08/19/2022 06:32:00] [INFO] [Worker] Removing unnessecary items from cache...

[08/19/2022 06:32:05] [INFO] [Worker] Moving resource into resources folder...

[08/19/2022 06:32:05] [INFO] [Worker] Cleaning up...

[08/19/2022 06:32:05] [INFO] [Worker] Finished converting vehicle 1962795467

[08/19/2022 06:32:31] [INFO] rpf2fivem

[08/19/2022 06:32:31] [INFO] GTA5-Mods links must look like this: 

[08/19/2022 06:32:31] [INFO] https://files.gta5-mods.com/uploads/XXXCARNAMEXXXX/XXXCARNAMEXXXX.zip

[08/19/2022 06:32:31] [INFO] Links must be DIRECT link else they won't download!

[08/19/2022 06:33:08] [INFO] Job added!

[08/19/2022 06:33:09] [INFO] [Worker] Started resConvert async task...

[08/19/2022 06:33:09] [INFO] [Worker] Cleaning cache...

[08/19/2022 06:33:09] [INFO] [Worker] Setting up environment...

[08/19/2022 06:33:09] [INFO] [Worker] Writing config helpers...

[08/19/2022 06:33:09] [INFO] [Worker] Created 945121539 FiveM resource directory...

[08/19/2022 06:33:10] [INFO] [Worker] Writing resouce manifest...

[08/19/2022 06:33:10] [INFO] [Worker] Checking link...OK

[08/19/2022 06:33:10] [INFO] [AsyncDownload] Downloading archive...

[08/19/2022 06:33:11] [INFO] [AsyncDownload] Successfully fetched archive!

[08/19/2022 06:33:11] [INFO] [SharpCompress] Decompressing...

[08/19/2022 06:33:12] [INFO] cache\unpack\Rmod_Customs_Lamborghini_Centenario 1.4\RmodCustoms_LamborghiniLP770.zip

[08/19/2022 06:33:15] [INFO] [SharpCompress] Unpack finished!

[08/19/2022 06:33:15] [INFO] [Worker] Searching for dlc.rpf...

[08/19/2022 06:33:15] [INFO] [CodeWalker] Unpacking cache\unpack\content\rmodlp770\dlc.rpf...

[08/19/2022 06:33:17] [INFO] [NConvert] Sucessfully resized texture (logo3) to 50%!

[08/19/2022 06:33:17] [INFO] [NConvert] Sucessfully resized texture (lamborghini-centenario-logo) to 50%!

[08/19/2022 06:33:18] [INFO] [NConvert] Sucessfully resized texture (Detail_Int_D) to 50%!

[08/19/2022 06:33:19] [INFO] [NConvert] Sucessfully resized texture (Gauges2) to 50%!

[08/19/2022 06:33:20] [INFO] [NConvert] Sucessfully resized texture (Detail_Int_N) to 50%!

[08/19/2022 06:33:21] [INFO] [NConvert] Sucessfully resized texture (NewGaugesNumber2) to 50%!

[08/19/2022 06:33:22] [INFO] [NConvert] Sucessfully resized texture (Tyre_D2) to 50%!

[08/19/2022 06:33:22] [INFO] [NConvert] Sucessfully resized texture (logo2) to 50%!

[08/19/2022 06:33:22] [INFO] [NConvert] Sucessfully resized texture (logo3_n) to 50%!

[08/19/2022 06:33:22] [INFO] [CodeWalker] Resized texture dictionary (ytd) rmodlp770.ytd.

[08/19/2022 06:33:23] [INFO] [Worker] Removing unnessecary items from cache...

[08/19/2022 06:33:28] [INFO] [Worker] Inflating 945121539\cache\rpfunpack\carcols.meta

[08/19/2022 06:33:28] [INFO] [Worker] Inflating 945121539\cache\rpfunpack\carvariations.meta

[08/19/2022 06:33:28] [INFO] [Worker] Inflating 945121539\cache\rpfunpack\dlctext.meta

[08/19/2022 06:33:28] [INFO] [Worker] Inflating 945121539\cache\rpfunpack\handling.meta

[08/19/2022 06:33:28] [INFO] [Worker] Inflating 945121539\cache\rpfunpack\rmodlp770contentunlocks.meta

[08/19/2022 06:33:28] [INFO] [Worker] Inflating 945121539\cache\rpfunpack\shop_vehicle.meta

[08/19/2022 06:33:28] [INFO] [Worker] Inflating 945121539\cache\rpfunpack\vehicles.meta

[08/19/2022 06:33:28] [INFO] [Worker] Inflating 945121539\cache\rpfunpack\lp770_wing.yft

[08/19/2022 06:33:28] [INFO] [Worker] Fixing cache\rpfunpack\lp770_wing.yft...

[08/19/2022 06:33:28] [INFO] [Worker] Inflating 945121539\cache\rpfunpack\rmodlp770.yft

[08/19/2022 06:33:28] [INFO] [Worker] Fixing cache\rpfunpack\rmodlp770.yft...

[08/19/2022 06:33:29] [INFO] [Worker] Inflating 945121539\cache\rpfunpack\rmodlp770_hi.yft

[08/19/2022 06:33:29] [INFO] [Worker] Fixing cache\rpfunpack\rmodlp770_hi.yft...

[08/19/2022 06:33:29] [INFO] [Worker] Inflating 945121539\cache\rpfunpack\rmodlp770.ytd

[08/19/2022 06:33:29] [INFO] [Worker] Fixing cache\rpfunpack\rmodlp770.ytd...

[08/19/2022 06:33:29] [INFO] [Worker] Moving resource into resources folder...

[08/19/2022 06:33:29] [INFO] [Worker] Cleaning up...

[08/19/2022 06:33:29] [INFO] [Worker] Finished converting vehicle 945121539

[08/19/2022 06:42:38] [INFO] rpf2fivem

[08/19/2022 06:42:38] [INFO] GTA5-Mods links must look like this: 

[08/19/2022 06:42:38] [INFO] https://files.gta5-mods.com/uploads/XXXCARNAMEXXXX/XXXCARNAMEXXXX.zip

[08/19/2022 06:42:38] [INFO] Links must be DIRECT link else they won't download!

[08/19/2022 06:42:38] [WARNING] [NConvert] It seems like you haven't installed NConvert, please follow

[08/19/2022 06:42:38] [WARNING] [NConvert] the installation instructions on the GitHub Repository or the forum thread.

[08/19/2022 06:42:38] [INFO] [InputHandler] Disabled texture compression/downsizing.

[08/19/2022 06:42:39] [INFO] rpf2fivem

[08/19/2022 06:42:39] [INFO] GTA5-Mods links must look like this: 

[08/19/2022 06:42:39] [INFO] https://files.gta5-mods.com/uploads/XXXCARNAMEXXXX/XXXCARNAMEXXXX.zip

[08/19/2022 06:42:39] [INFO] Links must be DIRECT link else they won't download!

[08/19/2022 06:42:39] [WARNING] [NConvert] It seems like you haven't installed NConvert, please follow

[08/19/2022 06:42:39] [WARNING] [NConvert] the installation instructions on the GitHub Repository or the forum thread.

[08/19/2022 06:42:39] [INFO] [InputHandler] Disabled texture compression/downsizing.

[08/19/2022 06:42:40] [INFO] rpf2fivem

[08/19/2022 06:42:40] [INFO] GTA5-Mods links must look like this: 

[08/19/2022 06:42:40] [INFO] https://files.gta5-mods.com/uploads/XXXCARNAMEXXXX/XXXCARNAMEXXXX.zip

[08/19/2022 06:42:40] [INFO] Links must be DIRECT link else they won't download!

[08/19/2022 06:42:40] [WARNING] [NConvert] It seems like you haven't installed NConvert, please follow

[08/19/2022 06:42:40] [WARNING] [NConvert] the installation instructions on the GitHub Repository or the forum thread.

[08/19/2022 06:42:40] [INFO] [InputHandler] Disabled texture compression/downsizing.

